2025-05-18 13:48:11,838 [Worker-5: Loading available Gradle versions] INFO  o.e.b.c.i.u.g.PublishedGradleVersions - Gradle version information cache is not available. Remote download required.
2025-05-18 13:48:49,809 [Worker-12: Updating Maven Dependencies] INFO  o.e.m.c.i.l.LifecycleMappingFactory - Using org.eclipse.m2e.jdt.JarLifecycleMapping lifecycle mapping for MavenProject: com.jsp:JsplProject:0.0.1-SNAPSHOT @ C:\Users\AJIT\Documents\workspace-spring-tool-suite-4-4.28.1.RELEASE\JsplProject\pom.xml.
2025-05-18 13:48:50,032 [Worker-1: Building] INFO  o.e.m.c.i.l.LifecycleMappingFactory - Using org.eclipse.m2e.jdt.JarLifecycleMapping lifecycle mapping for MavenProject: com.sts:FiststlProject:0.0.1-SNAPSHOT @ C:\Users\AJIT\Documents\workspace-spring-tool-suite-4-4.28.1.RELEASE\FiststlProject\pom.xml.
2025-05-18 13:48:52,781 [Worker-1: Building] INFO  o.a.m.s.f.DefaultMavenResourcesFiltering - Copying 1 resource from src\main\resources to target\classes
2025-05-18 13:48:52,809 [Worker-1: Building] INFO  o.a.m.s.f.DefaultMavenResourcesFiltering - Copying 0 resource from src\main\resources to target\classes
2025-05-18 13:48:52,820 [Worker-1: Building] INFO  o.a.m.s.f.DefaultMavenResourcesFiltering - skip non existing resourceDirectory C:\Users\AJIT\Documents\workspace-spring-tool-suite-4-4.28.1.RELEASE\FiststlProject\src\test\resources
2025-05-18 13:48:53,574 [Worker-10: Building] INFO  o.a.m.s.f.DefaultMavenResourcesFiltering - Copying 1 resource from src\main\resources to target\classes
2025-05-18 13:48:53,577 [Worker-10: Building] INFO  o.a.m.s.f.DefaultMavenResourcesFiltering - Copying 0 resource from src\main\resources to target\classes
2025-05-18 13:48:53,585 [Worker-10: Building] INFO  o.a.m.s.f.DefaultMavenResourcesFiltering - skip non existing resourceDirectory C:\Users\AJIT\Documents\workspace-spring-tool-suite-4-4.28.1.RELEASE\FiststlProject\src\test\resources
2025-05-18 13:48:54,557 [Worker-10: Building] INFO  o.e.m.c.i.l.LifecycleMappingFactory - Using org.eclipse.m2e.jdt.JarLifecycleMapping lifecycle mapping for MavenProject: com.jsp:JsplProject:0.0.1-SNAPSHOT @ C:\Users\AJIT\Documents\workspace-spring-tool-suite-4-4.28.1.RELEASE\JsplProject\pom.xml.
2025-05-18 13:48:55,721 [Worker-10: Building] INFO  o.a.m.s.f.DefaultMavenResourcesFiltering - Copying 1 resource from src\main\resources to target\classes
2025-05-18 13:48:55,748 [Worker-10: Building] INFO  o.a.m.s.f.DefaultMavenResourcesFiltering - Copying 0 resource from src\main\resources to target\classes
2025-05-18 13:48:55,757 [Worker-10: Building] INFO  o.a.m.s.f.DefaultMavenResourcesFiltering - skip non existing resourceDirectory C:\Users\AJIT\Documents\workspace-spring-tool-suite-4-4.28.1.RELEASE\JsplProject\src\test\resources
2025-05-18 13:48:57,037 [Worker-3: Updating Maven Dependencies] INFO  o.e.m.c.i.l.LifecycleMappingFactory - Using org.eclipse.m2e.jdt.JarLifecycleMapping lifecycle mapping for MavenProject: com.jsp:JsplProject:0.0.1-SNAPSHOT @ C:\Users\AJIT\Documents\workspace-spring-tool-suite-4-4.28.1.RELEASE\JsplProject\pom.xml.
2025-05-18 13:48:57,131 [Worker-5: Building] INFO  o.a.m.s.f.DefaultMavenResourcesFiltering - Copying 1 resource from src\main\resources to target\classes
2025-05-18 13:48:57,162 [Worker-5: Building] INFO  o.a.m.s.f.DefaultMavenResourcesFiltering - Copying 0 resource from src\main\resources to target\classes
2025-05-18 13:48:57,171 [Worker-5: Building] INFO  o.a.m.s.f.DefaultMavenResourcesFiltering - skip non existing resourceDirectory C:\Users\AJIT\Documents\workspace-spring-tool-suite-4-4.28.1.RELEASE\JsplProject\src\test\resources
2025-05-18 13:48:57,983 [Worker-5: Building] INFO  o.e.m.c.i.l.LifecycleMappingFactory - Using org.eclipse.m2e.jdt.JarLifecycleMapping lifecycle mapping for MavenProject: com.jsp:SpringBootJDBC:0.0.1-SNAPSHOT @ C:\Users\AJIT\Documents\workspace-spring-tool-suite-4-4.28.1.RELEASE\SpringBootJDBC\pom.xml.
2025-05-18 13:48:59,108 [Worker-5: Building] INFO  o.a.m.s.f.DefaultMavenResourcesFiltering - Copying 1 resource from src\main\resources to target\classes
2025-05-18 13:48:59,134 [Worker-5: Building] INFO  o.a.m.s.f.DefaultMavenResourcesFiltering - Copying 0 resource from src\main\resources to target\classes
2025-05-18 13:48:59,143 [Worker-5: Building] INFO  o.a.m.s.f.DefaultMavenResourcesFiltering - skip non existing resourceDirectory C:\Users\AJIT\Documents\workspace-spring-tool-suite-4-4.28.1.RELEASE\SpringBootJDBC\src\test\resources
2025-05-18 13:48:59,569 [Worker-5: Building] INFO  o.a.m.s.f.DefaultMavenResourcesFiltering - Copying 1 resource from src\main\resources to target\classes
2025-05-18 13:48:59,573 [Worker-5: Building] INFO  o.a.m.s.f.DefaultMavenResourcesFiltering - Copying 0 resource from src\main\resources to target\classes
2025-05-18 13:48:59,580 [Worker-5: Building] INFO  o.a.m.s.f.DefaultMavenResourcesFiltering - skip non existing resourceDirectory C:\Users\AJIT\Documents\workspace-spring-tool-suite-4-4.28.1.RELEASE\SpringBootJDBC\src\test\resources
2025-05-18 13:49:00,383 [Worker-5: Building] INFO  o.e.m.c.i.l.LifecycleMappingFactory - Using org.eclipse.m2e.jdt.JarLifecycleMapping lifecycle mapping for MavenProject: com.jsp:SpringBootJDBC-1:0.0.1-SNAPSHOT @ C:\Users\AJIT\Documents\workspace-spring-tool-suite-4-4.28.1.RELEASE\SpringBootJDBC-1\pom.xml.
2025-05-18 13:49:01,070 [Worker-5: Building] INFO  o.a.m.s.f.DefaultMavenResourcesFiltering - Copying 2 resources from src\main\resources to target\classes
2025-05-18 13:49:01,084 [Worker-5: Building] INFO  o.a.m.s.f.DefaultMavenResourcesFiltering - Copying 0 resource from src\main\resources to target\classes
2025-05-18 13:49:01,092 [Worker-5: Building] INFO  o.a.m.s.f.DefaultMavenResourcesFiltering - skip non existing resourceDirectory C:\Users\AJIT\Documents\workspace-spring-tool-suite-4-4.28.1.RELEASE\SpringBootJDBC-1\src\test\resources
2025-05-18 13:49:01,630 [Worker-5: Building] INFO  o.e.m.c.i.l.LifecycleMappingFactory - Using org.eclipse.m2e.jdt.JarLifecycleMapping lifecycle mapping for MavenProject: com.jsp:SpringBootJDBC-2:0.0.1-SNAPSHOT @ C:\Users\AJIT\Documents\workspace-spring-tool-suite-4-4.28.1.RELEASE\SpringBootJDBC-2\pom.xml.
2025-05-18 13:49:02,248 [Worker-5: Building] INFO  o.a.m.s.f.DefaultMavenResourcesFiltering - Copying 1 resource from src\main\resources to target\classes
2025-05-18 13:49:02,258 [Worker-5: Building] INFO  o.a.m.s.f.DefaultMavenResourcesFiltering - Copying 0 resource from src\main\resources to target\classes
2025-05-18 13:49:02,267 [Worker-5: Building] INFO  o.a.m.s.f.DefaultMavenResourcesFiltering - skip non existing resourceDirectory C:\Users\AJIT\Documents\workspace-spring-tool-suite-4-4.28.1.RELEASE\SpringBootJDBC-2\src\test\resources
2025-05-18 13:49:02,858 [Worker-5: Building] INFO  o.e.m.c.i.l.LifecycleMappingFactory - Using org.eclipse.m2e.jdt.JarLifecycleMapping lifecycle mapping for MavenProject: com.jsp:SpringBootJDBC-3:0.0.1-SNAPSHOT @ C:\Users\AJIT\Documents\workspace-spring-tool-suite-4-4.28.1.RELEASE\SpringBootJDBC-3\pom.xml.
2025-05-18 13:49:03,312 [Worker-5: Building] INFO  o.a.m.s.f.DefaultMavenResourcesFiltering - Copying 1 resource from src\main\resources to target\classes
2025-05-18 13:49:03,329 [Worker-5: Building] INFO  o.a.m.s.f.DefaultMavenResourcesFiltering - Copying 0 resource from src\main\resources to target\classes
2025-05-18 13:49:03,335 [Worker-5: Building] INFO  o.a.m.s.f.DefaultMavenResourcesFiltering - skip non existing resourceDirectory C:\Users\AJIT\Documents\workspace-spring-tool-suite-4-4.28.1.RELEASE\SpringBootJDBC-3\src\test\resources
2025-05-18 13:49:04,205 [Worker-5: Building] INFO  o.e.m.c.i.l.LifecycleMappingFactory - Using org.maven.ide.eclipse.wtp.WarLifecycleMapping lifecycle mapping for MavenProject: com.jsp:SpringBootWEBDemo:0.0.1-SNAPSHOT @ C:\Users\AJIT\Documents\workspace-spring-tool-suite-4-4.28.1.RELEASE\SpringBootWEBDemo\pom.xml.
2025-05-18 13:49:05,842 [Worker-5: Building] INFO  o.a.m.s.f.DefaultMavenResourcesFiltering - Copying 1 resource from src\main\resources to target\classes
2025-05-18 13:49:05,878 [Worker-5: Building] INFO  o.a.m.s.f.DefaultMavenResourcesFiltering - Copying 3 resources from src\main\resources to target\classes
2025-05-18 13:49:05,890 [Worker-5: Building] INFO  o.a.m.s.f.DefaultMavenResourcesFiltering - skip non existing resourceDirectory C:\Users\AJIT\Documents\workspace-spring-tool-suite-4-4.28.1.RELEASE\SpringBootWEBDemo\src\test\resources
2025-05-18 13:49:06,490 [Worker-11: Building] INFO  o.a.m.s.f.DefaultMavenResourcesFiltering - Copying 2 resources from src\main\resources to target\classes
2025-05-18 13:49:06,499 [Worker-11: Building] INFO  o.a.m.s.f.DefaultMavenResourcesFiltering - Copying 0 resource from src\main\resources to target\classes
2025-05-18 13:49:06,506 [Worker-11: Building] INFO  o.a.m.s.f.DefaultMavenResourcesFiltering - skip non existing resourceDirectory C:\Users\AJIT\Documents\workspace-spring-tool-suite-4-4.28.1.RELEASE\SpringBootJDBC-1\src\test\resources
2025-05-18 13:49:06,704 [Worker-11: Building] INFO  o.a.m.s.f.DefaultMavenResourcesFiltering - Copying 1 resource from src\main\resources to target\classes
2025-05-18 13:49:06,707 [Worker-11: Building] INFO  o.a.m.s.f.DefaultMavenResourcesFiltering - Copying 0 resource from src\main\resources to target\classes
2025-05-18 13:49:06,710 [Worker-11: Building] INFO  o.a.m.s.f.DefaultMavenResourcesFiltering - skip non existing resourceDirectory C:\Users\AJIT\Documents\workspace-spring-tool-suite-4-4.28.1.RELEASE\SpringBootJDBC-2\src\test\resources
2025-05-18 13:49:06,987 [Worker-11: Building] INFO  o.a.m.s.f.DefaultMavenResourcesFiltering - Copying 1 resource from src\main\resources to target\classes
2025-05-18 13:49:06,989 [Worker-11: Building] INFO  o.a.m.s.f.DefaultMavenResourcesFiltering - Copying 0 resource from src\main\resources to target\classes
2025-05-18 13:49:06,992 [Worker-11: Building] INFO  o.a.m.s.f.DefaultMavenResourcesFiltering - skip non existing resourceDirectory C:\Users\AJIT\Documents\workspace-spring-tool-suite-4-4.28.1.RELEASE\SpringBootJDBC-3\src\test\resources
2025-05-18 13:49:07,268 [Worker-11: Building] INFO  o.a.m.s.f.DefaultMavenResourcesFiltering - Copying 1 resource from src\main\resources to target\classes
2025-05-18 13:49:07,273 [Worker-11: Building] INFO  o.a.m.s.f.DefaultMavenResourcesFiltering - Copying 3 resources from src\main\resources to target\classes
2025-05-18 13:49:07,280 [Worker-11: Building] INFO  o.a.m.s.f.DefaultMavenResourcesFiltering - skip non existing resourceDirectory C:\Users\AJIT\Documents\workspace-spring-tool-suite-4-4.28.1.RELEASE\SpringBootWEBDemo\src\test\resources
2025-05-18 13:49:07,443 [Worker-4: Updating Maven Dependencies] INFO  o.e.m.c.i.l.LifecycleMappingFactory - Using org.eclipse.m2e.jdt.JarLifecycleMapping lifecycle mapping for MavenProject: com.jsp:JsplProject:0.0.1-SNAPSHOT @ C:\Users\AJIT\Documents\workspace-spring-tool-suite-4-4.28.1.RELEASE\JsplProject\pom.xml.
